[debug] [2018-03-31T22:25:05.227Z] ----------------------------------------------------------------------
[debug] [2018-03-31T22:25:05.231Z] Command:       /usr/bin/node /usr/bin/firebase deploy
[debug] [2018-03-31T22:25:05.232Z] CLI Version:   3.17.4
[debug] [2018-03-31T22:25:05.232Z] Platform:      linux
[debug] [2018-03-31T22:25:05.232Z] Node Version:  v8.11.0
[debug] [2018-03-31T22:25:05.232Z] Time:          Sat Mar 31 2018 19:25:05 GMT-0300 (-03)
[debug] [2018-03-31T22:25:05.232Z] ----------------------------------------------------------------------
[debug] 
[debug] [2018-03-31T22:25:05.435Z] > command requires scopes: ["email","openid","https://www.googleapis.com/auth/cloudplatformprojects.readonly","https://www.googleapis.com/auth/firebase","https://www.googleapis.com/auth/cloud-platform"]
[debug] [2018-03-31T22:25:05.435Z] > authorizing via signed-in user
[debug] [2018-03-31T22:25:05.439Z] > refreshing access token with scopes: ["email","https://www.googleapis.com/auth/cloud-platform","https://www.googleapis.com/auth/cloudplatformprojects.readonly","https://www.googleapis.com/auth/firebase","openid"]
[debug] [2018-03-31T22:25:05.440Z] >>> HTTP REQUEST POST https://www.googleapis.com/oauth2/v3/token  
 { refresh_token: '1/iRiTKV8es-AdKOVSSehc_ZkE4fqB1sl24FS55GzHTr8',
  client_id: '563584335869-fgrhgmd47bqnekij5i8b5pr03ho849e6.apps.googleusercontent.com',
  client_secret: 'j9iVZfS8kkCEFUPaAeJV0sAi',
  grant_type: 'refresh_token',
  scope: 'email https://www.googleapis.com/auth/cloud-platform https://www.googleapis.com/auth/cloudplatformprojects.readonly https://www.googleapis.com/auth/firebase openid' } 
 Sat Mar 31 2018 19:25:05 GMT-0300 (-03)
[debug] [2018-03-31T22:25:06.226Z] <<< HTTP RESPONSE 200
[debug] [2018-03-31T22:25:06.995Z] >>> HTTP REQUEST GET https://admin.firebase.com/v1/projects/atlas-f41fc  
  
 Sat Mar 31 2018 19:25:06 GMT-0300 (-03)
[debug] [2018-03-31T22:25:09.047Z] <<< HTTP RESPONSE 200
[debug] [2018-03-31T22:25:09.048Z] >>> HTTP REQUEST GET https://admin.firebase.com/v1/database/atlas-f41fc/tokens  
  
 Sat Mar 31 2018 19:25:09 GMT-0300 (-03)
[debug] [2018-03-31T22:25:09.839Z] <<< HTTP RESPONSE 200
[info] 
[info] === Deploying to 'atlas-f41fc'...
[info] 
[info] i  deploying hosting
[info] i  hosting: preparing build directory for upload...
[debug] [2018-03-31T22:25:11.126Z] >>> HTTP REQUEST PUT https://deploy.firebase.com/v1/hosting/atlas-f41fc/uploads/-L8y9WXbkdCYvCj69gLW?fileCount=9&message=  
  
 Sat Mar 31 2018 19:25:11 GMT-0300 (-03)
